2020-11-14T04:09:07+00:00 ERROR Error getting remote inbox notification data feed
2020-11-14T04:09:07+00:00 ERROR WP_Error Object
(
    [errors] => Array
        (
            [http_request_failed] => Array
                (
                    [0] => cURL error 28: Resolving timed out after 5001 milliseconds
                )

        )

    [error_data] => Array
        (
        )

)

2020-11-14T04:09:12+00:00 ERROR Error getting remote inbox notification data feed
2020-11-14T04:09:12+00:00 ERROR WP_Error Object
(
    [errors] => Array
        (
            [http_request_failed] => Array
                (
                    [0] => cURL error 28: Resolving timed out after 5000 milliseconds
                )

        )

    [error_data] => Array
        (
        )

)

2020-11-14T11:58:36+00:00 ERROR Error getting remote inbox notification data feed
2020-11-14T11:58:36+00:00 ERROR WP_Error Object
(
    [errors] => Array
        (
            [http_request_failed] => Array
                (
                    [0] => cURL error 28: Resolving timed out after 5001 milliseconds
                )

        )

    [error_data] => Array
        (
        )

)

2020-11-14T12:08:00+00:00 ERROR Error getting remote inbox notification data feed
2020-11-14T12:08:00+00:00 ERROR WP_Error Object
(
    [errors] => Array
        (
            [http_request_failed] => Array
                (
                    [0] => cURL error 28: Resolving timed out after 5001 milliseconds
                )

        )

    [error_data] => Array
        (
        )

)

2020-11-14T12:09:26+00:00 ERROR Error getting remote inbox notification data feed
2020-11-14T12:09:26+00:00 ERROR WP_Error Object
(
    [errors] => Array
        (
            [http_request_failed] => Array
                (
                    [0] => cURL error 28: Resolving timed out after 5002 milliseconds
                )

        )

    [error_data] => Array
        (
        )

)

2020-11-14T12:16:09+00:00 ERROR Error getting remote inbox notification data feed
2020-11-14T12:16:09+00:00 ERROR WP_Error Object
(
    [errors] => Array
        (
            [http_request_failed] => Array
                (
                    [0] => cURL error 28: Resolving timed out after 5001 milliseconds
                )

        )

    [error_data] => Array
        (
        )

)

2020-11-14T12:16:59+00:00 ERROR Error getting remote inbox notification data feed
2020-11-14T12:16:59+00:00 ERROR WP_Error Object
(
    [errors] => Array
        (
            [http_request_failed] => Array
                (
                    [0] => cURL error 28: Resolving timed out after 5001 milliseconds
                )

        )

    [error_data] => Array
        (
        )

)

2020-11-14T12:19:55+00:00 ERROR Error getting remote inbox notification data feed
2020-11-14T12:19:55+00:00 ERROR WP_Error Object
(
    [errors] => Array
        (
            [http_request_failed] => Array
                (
                    [0] => cURL error 28: Resolving timed out after 5001 milliseconds
                )

        )

    [error_data] => Array
        (
        )

)

2020-11-14T12:21:36+00:00 ERROR Error getting remote inbox notification data feed
2020-11-14T12:21:36+00:00 ERROR WP_Error Object
(
    [errors] => Array
        (
            [http_request_failed] => Array
                (
                    [0] => cURL error 28: Resolving timed out after 5001 milliseconds
                )

        )

    [error_data] => Array
        (
        )

)

2020-11-14T12:24:42+00:00 ERROR Error getting remote inbox notification data feed
2020-11-14T12:24:42+00:00 ERROR WP_Error Object
(
    [errors] => Array
        (
            [http_request_failed] => Array
                (
                    [0] => cURL error 28: Resolving timed out after 5000 milliseconds
                )

        )

    [error_data] => Array
        (
        )

)

2020-11-14T12:29:46+00:00 ERROR Error getting remote inbox notification data feed
2020-11-14T12:29:46+00:00 ERROR WP_Error Object
(
    [errors] => Array
        (
            [http_request_failed] => Array
                (
                    [0] => cURL error 28: Resolving timed out after 5000 milliseconds
                )

        )

    [error_data] => Array
        (
        )

)

2020-11-14T13:20:46+00:00 ERROR Error getting remote inbox notification data feed
2020-11-14T13:20:46+00:00 ERROR WP_Error Object
(
    [errors] => Array
        (
            [http_request_failed] => Array
                (
                    [0] => cURL error 28: Resolving timed out after 5001 milliseconds
                )

        )

    [error_data] => Array
        (
        )

)

2020-11-14T13:23:11+00:00 ERROR Error getting remote inbox notification data feed
2020-11-14T13:23:11+00:00 ERROR WP_Error Object
(
    [errors] => Array
        (
            [http_request_failed] => Array
                (
                    [0] => cURL error 28: Resolving timed out after 5000 milliseconds
                )

        )

    [error_data] => Array
        (
        )

)

2020-11-14T13:26:50+00:00 ERROR Error getting remote inbox notification data feed
2020-11-14T13:26:50+00:00 ERROR WP_Error Object
(
    [errors] => Array
        (
            [http_request_failed] => Array
                (
                    [0] => cURL error 28: Resolving timed out after 5000 milliseconds
                )

        )

    [error_data] => Array
        (
        )

)

2020-11-14T13:29:17+00:00 ERROR Error getting remote inbox notification data feed
2020-11-14T13:29:17+00:00 ERROR WP_Error Object
(
    [errors] => Array
        (
            [http_request_failed] => Array
                (
                    [0] => cURL error 28: Resolving timed out after 5001 milliseconds
                )

        )

    [error_data] => Array
        (
        )

)

2020-11-14T13:34:53+00:00 ERROR Error getting remote inbox notification data feed
2020-11-14T13:34:53+00:00 ERROR WP_Error Object
(
    [errors] => Array
        (
            [http_request_failed] => Array
                (
                    [0] => cURL error 28: Resolving timed out after 5001 milliseconds
                )

        )

    [error_data] => Array
        (
        )

)

